2018-03-14 22:32:19:850  [TID 2492    ][INFO    ] Default Logger initialized [dmvcframework]
2018-03-14 22:32:19:850  [TID 2492    ][INFO    ] ENTER: Config default values [dmvcframework]
2018-03-14 22:32:19:850  [TID 2492    ][INFO    ] EXIT: Config default values [dmvcframework]
2018-03-14 22:32:19:850  [TID 2492    ][INFO    ] ENTER: LoadSystemControllers [dmvcframework]
2018-03-14 22:32:19:850  [TID 2492    ][INFO    ] EXIT: LoadSystemControllers [dmvcframework]
2018-03-14 22:32:20:048  [TID 2492    ][INFO    ] GET:/people -> PeopleControllerU.TPeopleController - 200 OK [dmvcframework]
2018-03-14 22:34:51:377  [TID 4764    ][INFO    ] GET:/people -> PeopleControllerU.TPeopleController - 200 OK [dmvcframework]
2018-03-14 22:38:48:250  [TID 888     ][INFO    ] GET:/people -> PeopleControllerU.TPeopleController - 200 OK [dmvcframework]
2018-03-14 22:39:26:218  [TID 5364    ][INFO    ] GET:/people -> PeopleControllerU.TPeopleController - 200 OK [dmvcframework]
2018-03-14 23:08:46:498  [TID 10736   ][INFO    ] GET:/people/500 -> PeopleControllerU.TPeopleController - 200 OK [dmvcframework]
2018-03-14 23:08:46:736  [TID 5016    ][INFO    ] GET:/favicon.ico -> NO ACTION  - 404 Not Found [dmvcframework]
2018-03-14 23:08:58:368  [TID 6128    ][INFO    ] GET:/people/500/photo -> PeopleControllerU.TPeopleController - 200 OK [dmvcframework]
2018-03-14 23:09:40:381  [TID 10124   ][ERROR   ] [EInvalidCast] Invalid class typecast (Custom message: "Global Action Exception Handler") [dmvcframework]
2018-03-14 23:09:40:381  [TID 10124   ][INFO    ] PUT:/people/500 -> PeopleControllerU.TPeopleController - 500  [dmvcframework]
2018-03-14 23:09:43:098  [TID 6600    ][ERROR   ] [EInvalidCast] Invalid class typecast (Custom message: "Global Action Exception Handler") [dmvcframework]
2018-03-14 23:09:43:098  [TID 6600    ][INFO    ] PUT:/people/500 -> PeopleControllerU.TPeopleController - 500  [dmvcframework]
2018-03-14 23:09:54:451  [TID 4684    ][INFO    ] GET:/people/500 -> PeopleControllerU.TPeopleController - 200 OK [dmvcframework]
2018-03-14 23:10:13:221  [TID 13600   ][ERROR   ] [EInvalidCast] Invalid class typecast (Custom message: "Global Action Exception Handler") [dmvcframework]
2018-03-14 23:10:13:221  [TID 13600   ][INFO    ] PUT:/people/500 -> PeopleControllerU.TPeopleController - 500  [dmvcframework]
2018-03-14 23:10:17:044  [TID 4288    ][ERROR   ] [EInvalidCast] Invalid class typecast (Custom message: "Global Action Exception Handler") [dmvcframework]
2018-03-14 23:10:17:044  [TID 4288    ][INFO    ] PUT:/people/500 -> PeopleControllerU.TPeopleController - 500  [dmvcframework]
2018-03-14 23:10:19:552  [TID 12488   ][INFO    ] GET:/people -> PeopleControllerU.TPeopleController - 200 OK [dmvcframework]
2018-03-14 23:10:20:847  [TID 6116    ][INFO    ] GET:/people -> PeopleControllerU.TPeopleController - 200 OK [dmvcframework]
2018-03-14 23:10:22:723  [TID 10972   ][INFO    ] GET:/people/500 -> PeopleControllerU.TPeopleController - 200 OK [dmvcframework]
2018-03-14 23:11:29:021  [TID 12948   ][INFO    ] GET:/people -> PeopleControllerU.TPeopleController - 200 OK [dmvcframework]
2018-03-14 23:11:42:837  [TID 18240   ][ERROR   ] [EInvalidCast] Invalid class typecast (Custom message: "Global Action Exception Handler") [dmvcframework]
2018-03-14 23:11:42:837  [TID 18240   ][INFO    ] PUT:/people/500 -> PeopleControllerU.TPeopleController - 500  [dmvcframework]
2018-03-14 23:11:57:100  [TID 6344    ][INFO    ] GET:/people/500 -> PeopleControllerU.TPeopleController - 200 OK [dmvcframework]
2018-03-14 23:13:43:923  [TID 1192    ][INFO    ] GET:/people -> PeopleControllerU.TPeopleController - 200 OK [dmvcframework]
2018-03-14 23:13:54:371  [TID 10236   ][ERROR   ] [EBLException] Invalid email "" (Custom message: "Global Action Exception Handler") [dmvcframework]
2018-03-14 23:13:54:371  [TID 10236   ][INFO    ] POST:/people -> PeopleControllerU.TPeopleController - 500  [dmvcframework]
2018-03-14 23:14:33:075  [TID 17416   ][INFO    ] Default Logger initialized [dmvcframework]
2018-03-14 23:14:33:075  [TID 17416   ][INFO    ] ENTER: Config default values [dmvcframework]
2018-03-14 23:14:33:092  [TID 17416   ][INFO    ] EXIT: Config default values [dmvcframework]
2018-03-14 23:14:33:092  [TID 17416   ][INFO    ] ENTER: LoadSystemControllers [dmvcframework]
2018-03-14 23:14:33:092  [TID 17416   ][INFO    ] EXIT: LoadSystemControllers [dmvcframework]
2018-03-14 23:14:37:640  [TID 17416   ][ERROR   ] [EBLException] Invalid email "" (Custom message: "Global Action Exception Handler") [dmvcframework]
2018-03-14 23:14:37:653  [TID 17416   ][INFO    ] POST:/people -> PeopleControllerU.TPeopleController - 500  [dmvcframework]
2018-03-14 23:15:53:558  [TID 13156   ][INFO    ] Default Logger initialized [dmvcframework]
2018-03-14 23:15:53:558  [TID 13156   ][INFO    ] ENTER: Config default values [dmvcframework]
2018-03-14 23:15:53:558  [TID 13156   ][INFO    ] EXIT: Config default values [dmvcframework]
2018-03-14 23:15:53:575  [TID 13156   ][INFO    ] ENTER: LoadSystemControllers [dmvcframework]
2018-03-14 23:15:53:576  [TID 13156   ][INFO    ] EXIT: LoadSystemControllers [dmvcframework]
2018-03-14 23:16:55:527  [TID 13156   ][ERROR   ] [EInvalidCast] Invalid class typecast (Custom message: "Global Action Exception Handler") [dmvcframework]
2018-03-14 23:16:55:537  [TID 13156   ][INFO    ] PUT:/people/500 -> PeopleControllerU.TPeopleController - 500  [dmvcframework]
2018-03-14 23:18:11:279  [TID 3032    ][INFO    ] Default Logger initialized [dmvcframework]
2018-03-14 23:18:11:296  [TID 3032    ][INFO    ] ENTER: Config default values [dmvcframework]
2018-03-14 23:18:11:296  [TID 3032    ][INFO    ] EXIT: Config default values [dmvcframework]
2018-03-14 23:18:11:296  [TID 3032    ][INFO    ] ENTER: LoadSystemControllers [dmvcframework]
2018-03-14 23:18:11:296  [TID 3032    ][INFO    ] EXIT: LoadSystemControllers [dmvcframework]
2018-03-14 23:19:59:405  [TID 2444    ][INFO    ] Default Logger initialized [dmvcframework]
2018-03-14 23:19:59:405  [TID 2444    ][INFO    ] ENTER: Config default values [dmvcframework]
2018-03-14 23:19:59:405  [TID 2444    ][INFO    ] EXIT: Config default values [dmvcframework]
2018-03-14 23:19:59:424  [TID 2444    ][INFO    ] ENTER: LoadSystemControllers [dmvcframework]
2018-03-14 23:19:59:424  [TID 2444    ][INFO    ] EXIT: LoadSystemControllers [dmvcframework]
2018-03-14 23:20:02:039  [TID 2444    ][INFO    ] GET:/people -> PeopleControllerU.TPeopleController - 200 OK [dmvcframework]
2018-03-14 23:20:15:685  [TID 4900    ][INFO    ] PUT:/people/500 -> PeopleControllerU.TPeopleController - 200 Person updated [dmvcframework]
2018-03-14 23:20:31:392  [TID 7532    ][INFO    ] PUT:/people/500 -> PeopleControllerU.TPeopleController - 200 Person updated [dmvcframework]
2018-03-14 23:20:41:180  [TID 9992    ][INFO    ] GET:/people/500 -> PeopleControllerU.TPeopleController - 200 OK [dmvcframework]
2018-03-14 23:21:42:163  [TID 7904    ][INFO    ] Default Logger initialized [dmvcframework]
2018-03-14 23:21:42:163  [TID 7904    ][INFO    ] ENTER: Config default values [dmvcframework]
2018-03-14 23:21:42:163  [TID 7904    ][INFO    ] EXIT: Config default values [dmvcframework]
2018-03-14 23:21:42:163  [TID 7904    ][INFO    ] ENTER: LoadSystemControllers [dmvcframework]
2018-03-14 23:21:42:163  [TID 7904    ][INFO    ] EXIT: LoadSystemControllers [dmvcframework]
2018-03-14 23:21:42:211  [TID 7904    ][INFO    ] GET:/people -> PeopleControllerU.TPeopleController - 200 OK [dmvcframework]
2018-03-14 23:31:28:440  [TID 11020   ][INFO    ] GET:/people/500/photo -> PeopleControllerU.TPeopleController - 200 OK [dmvcframework]
2018-03-14 23:34:50:382  [TID 1672    ][INFO    ] GET:/people/searches -> PeopleControllerU.TPeopleController - 200  [dmvcframework]
2018-03-16 15:24:44:514  [TID 14252   ][INFO    ] Default Logger initialized [dmvcframework]
2018-03-16 15:24:44:514  [TID 14252   ][INFO    ] ENTER: Config default values [dmvcframework]
2018-03-16 15:24:44:514  [TID 14252   ][INFO    ] EXIT: Config default values [dmvcframework]
2018-03-16 15:24:44:514  [TID 14252   ][INFO    ] ENTER: LoadSystemControllers [dmvcframework]
2018-03-16 15:24:44:514  [TID 14252   ][INFO    ] EXIT: LoadSystemControllers [dmvcframework]
2018-03-16 15:24:46:595  [TID 14252   ][ERROR   ] [EIBNativeException] [FireDAC][Phys][IB]Unable to complete network request to host "localhost/3050".
Failed to establish a connection.
Impossibile stabilire la connessione. Rifiuto persistente del computer di destinazione.  (Custom message: "Global Action Exception Handler") [dmvcframework]
2018-03-16 15:24:46:595  [TID 14252   ][INFO    ] GET:/people/500/photo -> PeopleControllerU.TPeopleController - 500  [dmvcframework]
2018-03-16 15:25:54:869  [TID 12912   ][INFO    ] GET:/people/500/photo -> PeopleControllerU.TPeopleController - 200 OK [dmvcframework]
2018-03-16 15:25:59:780  [TID 7932    ][INFO    ] GET:/people/searches -> PeopleControllerU.TPeopleController - 200  [dmvcframework]
