2018-06-18 19:42:23:939  [TID 19760   ][DEBUG   ] Start processing of request </index.html> - <GET> [PHONEBOOK_SERVER]
2018-06-18 19:42:23:982  [TID 19760   ][DEBUG   ] Response ok for request </index.html> [PHONEBOOK_SERVER]
2018-06-18 19:42:24:007  [TID 20760   ][DEBUG   ] Start processing of request </lib/jtable/themes/lightcolor/blue/jtable.min.css> - <GET> [PHONEBOOK_SERVER]
2018-06-18 19:42:24:007  [TID 8320    ][DEBUG   ] Start processing of request </lib/jtable/jquery.jtable.min.js> - <GET> [PHONEBOOK_SERVER]
2018-06-18 19:42:24:028  [TID 20760   ][DEBUG   ] Response ok for request </lib/jtable/themes/lightcolor/blue/jtable.min.css> [PHONEBOOK_SERVER]
2018-06-18 19:42:24:048  [TID 8320    ][DEBUG   ] Response ok for request </lib/jtable/jquery.jtable.min.js> [PHONEBOOK_SERVER]
2018-06-18 19:42:25:622  [TID 19980   ][DEBUG   ] Start processing of request </lib/jtable/themes/lightcolor/bg-thead.png> - <GET> [PHONEBOOK_SERVER]
2018-06-18 19:42:25:622  [TID 16532   ][DEBUG   ] Start processing of request </lib/jtable/themes/lightcolor/column-sortable.png> - <GET> [PHONEBOOK_SERVER]
2018-06-18 19:42:25:625  [TID 16532   ][DEBUG   ] Response ok for request </lib/jtable/themes/lightcolor/column-sortable.png> [PHONEBOOK_SERVER]
2018-06-18 19:42:25:626  [TID 20476   ][DEBUG   ] Start processing of request </lib/jtable/themes/lightcolor/column-asc.png> - <GET> [PHONEBOOK_SERVER]
2018-06-18 19:42:25:629  [TID 19980   ][DEBUG   ] Response ok for request </lib/jtable/themes/lightcolor/bg-thead.png> [PHONEBOOK_SERVER]
2018-06-18 19:42:25:630  [TID 20476   ][DEBUG   ] Response ok for request </lib/jtable/themes/lightcolor/column-asc.png> [PHONEBOOK_SERVER]
2018-06-18 19:42:25:631  [TID 3356    ][DEBUG   ] Start processing of request </lib/jtable/themes/lightcolor/blue/loading.gif> - <GET> [PHONEBOOK_SERVER]
2018-06-18 19:42:25:673  [TID 10868   ][DEBUG   ] Start processing of request </lib/jtable/themes/lightcolor/add.png> - <GET> [PHONEBOOK_SERVER]
2018-06-18 19:42:25:675  [TID 10868   ][DEBUG   ] Response ok for request </lib/jtable/themes/lightcolor/add.png> [PHONEBOOK_SERVER]
2018-06-18 19:42:25:731  [TID 16380   ][DEBUG   ] Start processing of request </getpeople> - <POST> [PHONEBOOK_SERVER]
2018-06-18 19:42:25:774  [TID 16380   ][DEBUG   ] Response ok for request </getpeople> [PHONEBOOK_SERVER]
2018-06-18 19:42:25:792  [TID 21292   ][DEBUG   ] Start processing of request </lib/jtable/themes/lightcolor/delete.png> - <GET> [PHONEBOOK_SERVER]
2018-06-18 19:42:25:793  [TID 17612   ][DEBUG   ] Start processing of request </lib/jtable/themes/lightcolor/edit.png> - <GET> [PHONEBOOK_SERVER]
2018-06-18 19:42:25:797  [TID 17612   ][DEBUG   ] Response ok for request </lib/jtable/themes/lightcolor/edit.png> [PHONEBOOK_SERVER]
2018-06-18 19:42:25:797  [TID 21292   ][DEBUG   ] Response ok for request </lib/jtable/themes/lightcolor/delete.png> [PHONEBOOK_SERVER]
2018-06-18 19:42:25:806  [TID 16964   ][DEBUG   ] Start processing of request </favicon.ico> - <GET> [PHONEBOOK_SERVER]
2018-06-18 19:46:00:866  [TID 8560    ][DEBUG   ] Start processing of request </> - <GET> [PHONEBOOK_SERVER]
2018-06-18 19:46:01:615  [TID 17764   ][DEBUG   ] Start processing of request </lib/jtable/themes/lightcolor/blue/loading.gif> - <GET> [PHONEBOOK_SERVER]
2018-06-18 19:46:01:714  [TID 20688   ][DEBUG   ] Start processing of request </getpeople> - <POST> [PHONEBOOK_SERVER]
2018-06-18 19:46:01:743  [TID 20688   ][DEBUG   ] Response ok for request </getpeople> [PHONEBOOK_SERVER]
2018-06-18 19:46:01:848  [TID 13856   ][DEBUG   ] Start processing of request </favicon.ico> - <GET> [PHONEBOOK_SERVER]
